


	Query  -   540 parts, 0 pads, 0 traces (0.000 mm  ) marked:
	  540 parts, 0 pads, 0 traces (0.000 mm  ) marked:
	  >> a01.48: D1033 SMT Pkg. CRYSTAL <<                                   
	    # Lyr Apr    Net    Location (mm  )    Ref.Des.  Rot Part Number           Fid
	    1  5 a01.32    M0      5.54247, 10.23248 C14     90                        0
	    2  5 a01.32    M0      5.54247, 31.68888 C14     90                        0
	    3  5 a01.32    M0      5.54247, 53.14527 C14     90                        0
	    4  5 a01.32    M0      5.54247, 74.60167 C14     90                        0
	    5  5 a01.32    M0      5.54247, 96.05809 C14     90                        0
	    6  5 a01.32    M0      5.69487, 21.30688 C19     90                        0
	    7  5 a01.32    M0      5.69487, 42.76328 C19     90                        0
	    8  5 a01.32    M0      5.69487, 64.21967 C19     90                        0
	    9  5 a01.32    M0      5.69487, 85.67607 C19     90                        0
	   10  5 a01.32    M0      5.69487,107.13249 C19     90                        0
	   11  5 a01.32    M0      6.25367, 19.37648 C2      90                        0
	   12  5 a01.32    M0      6.25367, 40.83288 C2      90                        0
	   13  5 a01.32    M0      6.25367, 62.28927 C2      90                        0
	   14  5 a01.32    M0      6.25367, 83.74567 C2      90                        0
	   15  5 a01.32    M0      6.25367,105.20209 C2      90                        0
	   16  5 a01.32    M0      6.45687, 10.23248 C8      90                        0
	   17  5 a01.32    M0      6.45687, 31.68888 C8      90                        0
	   18  5 a01.32    M0      6.45687, 53.14527 C8      90                        0
	   19  5 a01.32    M0      6.45687, 74.60167 C8      90                        0
	   20  5 a01.32    M0      6.45687, 96.05809 C8      90                        0
	   21  5 a01.32    M0      7.34587, 10.23248 C1      90                        0
	   22  5 a01.32    M0      7.34587, 31.68888 C1      90                        0
	   23  5 a01.32    M0      7.34587, 53.14527 C1      90                        0
	   24  5 a01.32    M0      7.34587, 74.60167 C1      90                        0
	   25  5 a01.32    M0      7.34587, 96.05809 C1      90                        0
	   26  5 a01.32    M0     12.76826, 10.25686 C10     90                        0
	   27  5 a01.32    M0     12.76826, 31.71326 C10     90                        0
	   28  5 a01.32    M0     12.76826, 53.16966 C10     90                        0
	   29  5 a01.32    M0     12.76826, 74.62608 C10     90                        0
	   30  5 a01.32    M0     12.76826, 96.08247 C10     90                        0
	   31  5 a01.32    M0     17.04867, 22.60228 C17     90                        0
	   32  5 a01.32    M0     17.04867, 44.05868 C17     90                        0
	   33  5 a01.32    M0     17.04867, 65.51507 C17     90                        0
	   34  5 a01.32    M0     17.04867, 86.97147 C17     90                        0
	   35  5 a01.32    M0     17.04867,108.42789 C17     90                        0
	   36  5 a01.32    M0     17.31816, 14.90684 C9      90                        0
	   37  5 a01.32    M0     17.31816, 36.36324 C9      90                        0
	   38  5 a01.32    M0     17.31816, 57.81963 C9      90                        0
	   39  5 a01.32    M0     17.31816, 79.27603 C9      90                        0
	   40  5 a01.32    M0     17.31816,100.73245 C9      90                        0
	   41  5 a01.32    M0     18.71821, 18.10699 C12     90                        0
	   42  5 a01.32    M0     18.71821, 39.56338 C12     90                        0
	   43  5 a01.32    M0     18.71821, 61.01978 C12     90                        0
	   44  5 a01.32    M0     18.71821, 82.47618 C12     90                        0
	   45  5 a01.32    M0     18.71821,103.93260 C12     90                        0
	   46  5 a01.32    M0     27.91326, 10.23248 C14     90                        0
	   47  5 a01.32    M0     27.91326, 31.68888 C14     90                        0
	   48  5 a01.32    M0     27.91326, 53.14527 C14     90                        0
	   49  5 a01.32    M0     27.91326, 74.60167 C14     90                        0
	   50  5 a01.32    M0     27.91326, 96.05809 C14     90                        0
	   51  5 a01.32    M0     28.06566, 21.30688 C19     90                        0
	   52  5 a01.32    M0     28.06566, 42.76328 C19     90                        0
	   53  5 a01.32    M0     28.06566, 64.21967 C19     90                        0
	   54  5 a01.32    M0     28.06566, 85.67607 C19     90                        0
	   55  5 a01.32    M0     28.06566,107.13249 C19     90                        0
	   56  5 a01.32    M0     28.62446, 19.37648 C2      90                        0
	   57  5 a01.32    M0     28.62446, 40.83288 C2      90                        0
	   58  5 a01.32    M0     28.62446, 62.28927 C2      90                        0
	   59  5 a01.32    M0     28.62446, 83.74567 C2      90                        0
	   60  5 a01.32    M0     28.62446,105.20209 C2      90                        0
	   61  5 a01.32    M0     28.82767, 10.23248 C8      90                        0
	   62  5 a01.32    M0     28.82767, 31.68888 C8      90                        0
	   63  5 a01.32    M0     28.82767, 53.14527 C8      90                        0
	   64  5 a01.32    M0     28.82767, 74.60167 C8      90                        0
	   65  5 a01.32    M0     28.82767, 96.05809 C8      90                        0
	   66  5 a01.32    M0     29.71666, 10.23248 C1      90                        0
	   67  5 a01.32    M0     29.71666, 31.68888 C1      90                        0
	   68  5 a01.32    M0     29.71666, 53.14527 C1      90                        0
	   69  5 a01.32    M0     29.71666, 74.60167 C1      90                        0
	   70  5 a01.32    M0     29.71666, 96.05809 C1      90                        0
	   71  5 a01.32    M0     35.13906, 10.25686 C10     90                        0
	   72  5 a01.32    M0     35.13906, 31.71326 C10     90                        0
	   73  5 a01.32    M0     35.13906, 53.16966 C10     90                        0
	   74  5 a01.32    M0     35.13906, 74.62608 C10     90                        0
	   75  5 a01.32    M0     35.13906, 96.08247 C10     90                        0
	   76  5 a01.32    M0     39.41946, 22.60228 C17     90                        0
	   77  5 a01.32    M0     39.41946, 44.05868 C17     90                        0
	   78  5 a01.32    M0     39.41946, 65.51507 C17     90                        0
	   79  5 a01.32    M0     39.41946, 86.97147 C17     90                        0
	   80  5 a01.32    M0     39.41946,108.42789 C17     90                        0
	   81  5 a01.32    M0     39.68896, 14.90684 C9      90                        0
	   82  5 a01.32    M0     39.68896, 36.36324 C9      90                        0
	   83  5 a01.32    M0     39.68896, 57.81963 C9      90                        0
	   84  5 a01.32    M0     39.68896, 79.27603 C9      90                        0
	   85  5 a01.32    M0     39.68896,100.73245 C9      90                        0
	   86  5 a01.32    M0     41.08901, 18.10699 C12     90                        0
	   87  5 a01.32    M0     41.08901, 39.56338 C12     90                        0
	   88  5 a01.32    M0     41.08901, 61.01978 C12     90                        0
	   89  5 a01.32    M0     41.08901, 82.47618 C12     90                        0
	   90  5 a01.32    M0     41.08901,103.93260 C12     90                        0
	   91  5 a01.32    M0     50.28406, 10.23248 C14     90                        0
	   92  5 a01.32    M0     50.28406, 31.68888 C14     90                        0
	   93  5 a01.32    M0     50.28406, 53.14527 C14     90                        0
	   94  5 a01.32    M0     50.28406, 74.60167 C14     90                        0
	   95  5 a01.32    M0     50.28406, 96.05809 C14     90                        0
	   96  5 a01.32    M0     50.43646, 21.30688 C19     90                        0
	   97  5 a01.32    M0     50.43646, 42.76328 C19     90                        0
	   98  5 a01.32    M0     50.43646, 64.21967 C19     90                        0
	   99  5 a01.32    M0     50.43646, 85.67607 C19     90                        0
	  100  5 a01.32    M0     50.43646,107.13249 C19     90                        0
	  101  5 a01.32    M0     50.99526, 19.37648 C2      90                        0
	  102  5 a01.32    M0     50.99526, 40.83288 C2      90                        0
	  103  5 a01.32    M0     50.99526, 62.28927 C2      90                        0
	  104  5 a01.32    M0     50.99526, 83.74567 C2      90                        0
	  105  5 a01.32    M0     50.99526,105.20209 C2      90                        0
	  106  5 a01.32    M0     51.19846, 10.23248 C8      90                        0
	  107  5 a01.32    M0     51.19846, 31.68888 C8      90                        0
	  108  5 a01.32    M0     51.19846, 53.14527 C8      90                        0
	  109  5 a01.32    M0     51.19846, 74.60167 C8      90                        0
	  110  5 a01.32    M0     51.19846, 96.05809 C8      90                        0
	  111  5 a01.32    M0     52.08746, 10.23248 C1      90                        0
	  112  5 a01.32    M0     52.08746, 31.68888 C1      90                        0
	  113  5 a01.32    M0     52.08746, 53.14527 C1      90                        0
	  114  5 a01.32    M0     52.08746, 74.60167 C1      90                        0
	  115  5 a01.32    M0     52.08746, 96.05809 C1      90                        0
	  116  5 a01.32    M0     57.50985, 10.25686 C10     90                        0
	  117  5 a01.32    M0     57.50985, 31.71326 C10     90                        0
	  118  5 a01.32    M0     57.50985, 53.16966 C10     90                        0
	  119  5 a01.32    M0     57.50985, 74.62608 C10     90                        0
	  120  5 a01.32    M0     57.50985, 96.08247 C10     90                        0
	  121  5 a01.32    M0     61.79026, 22.60228 C17     90                        0
	  122  5 a01.32    M0     61.79026, 44.05868 C17     90                        0
	  123  5 a01.32    M0     61.79026, 65.51507 C17     90                        0
	  124  5 a01.32    M0     61.79026, 86.97147 C17     90                        0
	  125  5 a01.32    M0     61.79026,108.42789 C17     90                        0
	  126  5 a01.32    M0     62.05975, 14.90684 C9      90                        0
	  127  5 a01.32    M0     62.05975, 36.36324 C9      90                        0
	  128  5 a01.32    M0     62.05975, 57.81963 C9      90                        0
	  129  5 a01.32    M0     62.05975, 79.27603 C9      90                        0
	  130  5 a01.32    M0     62.05975,100.73245 C9      90                        0
	  131  5 a01.32    M0     63.45980, 18.10699 C12     90                        0
	  132  5 a01.32    M0     63.45980, 39.56338 C12     90                        0
	  133  5 a01.32    M0     63.45980, 61.01978 C12     90                        0
	  134  5 a01.32    M0     63.45980, 82.47618 C12     90                        0
	  135  5 a01.32    M0     63.45980,103.93260 C12     90                        0
	  136  5 a01.32    M0     72.65486, 10.23248 C14     90                        0
	  137  5 a01.32    M0     72.65486, 31.68888 C14     90                        0
	  138  5 a01.32    M0     72.65486, 53.14527 C14     90                        0
	  139  5 a01.32    M0     72.65486, 74.60167 C14     90                        0
	  140  5 a01.32    M0     72.65486, 96.05809 C14     90                        0
	  141  5 a01.32    M0     72.80726, 21.30688 C19     90                        0
	  142  5 a01.32    M0     72.80726, 42.76328 C19     90                        0
	  143  5 a01.32    M0     72.80726, 64.21967 C19     90                        0
	  144  5 a01.32    M0     72.80726, 85.67607 C19     90                        0
	  145  5 a01.32    M0     72.80726,107.13249 C19     90                        0
	  146  5 a01.32    M0     73.36606, 19.37648 C2      90                        0
	  147  5 a01.32    M0     73.36606, 40.83288 C2      90                        0
	  148  5 a01.32    M0     73.36606, 62.28927 C2      90                        0
	  149  5 a01.32    M0     73.36606, 83.74567 C2      90                        0
	  150  5 a01.32    M0     73.36606,105.20209 C2      90                        0
	  151  5 a01.32    M0     73.56926, 10.23248 C8      90                        0
	  152  5 a01.32    M0     73.56926, 31.68888 C8      90                        0
	  153  5 a01.32    M0     73.56926, 53.14527 C8      90                        0
	  154  5 a01.32    M0     73.56926, 74.60167 C8      90                        0
	  155  5 a01.32    M0     73.56926, 96.05809 C8      90                        0
	  156  5 a01.32    M0     74.45826, 10.23248 C1      90                        0
	  157  5 a01.32    M0     74.45826, 31.68888 C1      90                        0
	  158  5 a01.32    M0     74.45826, 53.14527 C1      90                        0
	  159  5 a01.32    M0     74.45826, 74.60167 C1      90                        0
	  160  5 a01.32    M0     74.45826, 96.05809 C1      90                        0
	  161  5 a01.32    M0     79.88065, 10.25686 C10     90                        0
	  162  5 a01.32    M0     79.88065, 31.71326 C10     90                        0
	  163  5 a01.32    M0     79.88065, 53.16966 C10     90                        0
	  164  5 a01.32    M0     79.88065, 74.62608 C10     90                        0
	  165  5 a01.32    M0     79.88065, 96.08247 C10     90                        0
	  166  5 a01.32    M0     84.16106, 22.60228 C17     90                        0
	  167  5 a01.32    M0     84.16106, 44.05868 C17     90                        0
	  168  5 a01.32    M0     84.16106, 65.51507 C17     90                        0
	  169  5 a01.32    M0     84.16106, 86.97147 C17     90                        0
	  170  5 a01.32    M0     84.16106,108.42789 C17     90                        0
	  171  5 a01.32    M0     84.43058, 14.90684 C9      90                        0
	  172  5 a01.32    M0     84.43058, 36.36324 C9      90                        0
	  173  5 a01.32    M0     84.43058, 57.81963 C9      90                        0
	  174  5 a01.32    M0     84.43058, 79.27603 C9      90                        0
	  175  5 a01.32    M0     84.43058,100.73245 C9      90                        0
	  176  5 a01.32    M0     85.83060, 18.10699 C12     90                        0
	  177  5 a01.32    M0     85.83060, 39.56338 C12     90                        0
	  178  5 a01.32    M0     85.83060, 61.01978 C12     90                        0
	  179  5 a01.32    M0     85.83060, 82.47618 C12     90                        0
	  180  5 a01.32    M0     85.83060,103.93260 C12     90                        0
	  181  5 a01.32    M0      8.76827,  9.85148 C11     0                         0
	  182  5 a01.32    M0      8.76827, 31.30788 C11     0                         0
	  183  5 a01.32    M0      8.76827, 52.76427 C11     0                         0
	  184  5 a01.32    M0      8.76827, 74.22067 C11     0                         0
	  185  5 a01.32    M0      8.76827, 95.67709 C11     0                         0
	  186  5 a01.32    M0     12.96816, 11.65691 C7      0                         0
	  187  5 a01.32    M0     12.96816, 18.10699 C15     0                         0
	  188  5 a01.32    M0     12.96816, 19.00691 R3      0                         0
	  189  5 a01.32    M0     12.96816, 33.11331 C7      0                         0
	  190  5 a01.32    M0     12.96816, 39.56338 C15     0                         0
	  191  5 a01.32    M0     12.96816, 40.46331 R3      0                         0
	  192  5 a01.32    M0     12.96816, 54.56970 C7      0                         0
	  193  5 a01.32    M0     12.96816, 61.01978 C15     0                         0
	  194  5 a01.32    M0     12.96816, 61.91970 R3      0                         0
	  195  5 a01.32    M0     12.96816, 76.02610 C7      0                         0
	  196  5 a01.32    M0     12.96816, 82.47618 C15     0                         0
	  197  5 a01.32    M0     12.96816, 83.37610 R3      0                         0
	  198  5 a01.32    M0     12.96816, 97.48252 C7      0                         0
	  199  5 a01.32    M0     12.96816,103.93260 C15     0                         0
	  200  5 a01.32    M0     12.96816,104.83252 R3      0                         0
	  201  5 a01.32    M0     13.34027, 24.50728 C18     0                         0
	  202  5 a01.32    M0     13.34027, 45.96368 C18     0                         0
	  203  5 a01.32    M0     13.34027, 67.42007 C18     0                         0
	  204  5 a01.32    M0     13.34027, 88.87647 C18     0                         0
	  205  5 a01.32    M0     13.34027,110.33289 C18     0                         0
	  206  5 a01.32    M0     13.66818, 12.50680 R4      0                         0
	  207  5 a01.32    M0     13.66818, 13.35694 C6      0                         0
	  208  5 a01.32    M0     13.66818, 14.20682 C5      0                         0
	  209  5 a01.32    M0     13.66818, 15.70694 C4      0                         0
	  210  5 a01.32    M0     13.66818, 17.20681 C3      0                         0
	  211  5 a01.32    M0     13.66818, 33.96319 R4      0                         0
	  212  5 a01.32    M0     13.66818, 34.81333 C6      0                         0
	  213  5 a01.32    M0     13.66818, 35.66322 C5      0                         0
	  214  5 a01.32    M0     13.66818, 37.16334 C4      0                         0
	  215  5 a01.32    M0     13.66818, 38.66321 C3      0                         0
	  216  5 a01.32    M0     13.66818, 55.41959 R4      0                         0
	  217  5 a01.32    M0     13.66818, 56.26973 C6      0                         0
	  218  5 a01.32    M0     13.66818, 57.11961 C5      0                         0
	  219  5 a01.32    M0     13.66818, 58.61973 C4      0                         0
	  220  5 a01.32    M0     13.66818, 60.11961 C3      0                         0
	  221  5 a01.32    M0     13.66818, 76.87599 R4      0                         0
	  222  5 a01.32    M0     13.66818, 77.72615 C6      0                         0
	  223  5 a01.32    M0     13.66818, 78.57601 C5      0                         0
	  224  5 a01.32    M0     13.66818, 80.07613 C4      0                         0
	  225  5 a01.32    M0     13.66818, 81.57600 C3      0                         0
	  226  5 a01.32    M0     13.66818, 98.33241 R4      0                         0
	  227  5 a01.32    M0     13.66818, 99.18254 C6      0                         0
	  228  5 a01.32    M0     13.66818,100.03243 C5      0                         0
	  229  5 a01.32    M0     13.66818,101.53255 C4      0                         0
	  230  5 a01.32    M0     13.66818,103.03242 C3      0                         0
	  231  5 a01.32    M0     16.31817, 20.45700 C13     0                         0
	  232  5 a01.32    M0     16.31817, 41.91339 C13     0                         0
	  233  5 a01.32    M0     16.31817, 63.36979 C13     0                         0
	  234  5 a01.32    M0     16.31817, 84.82618 C13     0                         0
	  235  5 a01.32    M0     16.31817,106.28261 C13     0                         0
	  236  5 a01.32    M0     31.13906,  9.85148 C11     0                         0
	  237  5 a01.32    M0     31.13906, 31.30788 C11     0                         0
	  238  5 a01.32    M0     31.13906, 52.76427 C11     0                         0
	  239  5 a01.32    M0     31.13906, 74.22067 C11     0                         0
	  240  5 a01.32    M0     31.13906, 95.67709 C11     0                         0
	  241  5 a01.32    M0     35.33895, 11.65691 C7      0                         0
	  242  5 a01.32    M0     35.33895, 18.10699 C15     0                         0
	  243  5 a01.32    M0     35.33895, 19.00691 R3      0                         0
	  244  5 a01.32    M0     35.33895, 33.11331 C7      0                         0
	  245  5 a01.32    M0     35.33895, 39.56338 C15     0                         0
	  246  5 a01.32    M0     35.33895, 40.46331 R3      0                         0
	  247  5 a01.32    M0     35.33895, 54.56970 C7      0                         0
	  248  5 a01.32    M0     35.33895, 61.01978 C15     0                         0
	  249  5 a01.32    M0     35.33895, 61.91970 R3      0                         0
	  250  5 a01.32    M0     35.33895, 76.02610 C7      0                         0
	  251  5 a01.32    M0     35.33895, 82.47618 C15     0                         0
	  252  5 a01.32    M0     35.33895, 83.37610 R3      0                         0
	  253  5 a01.32    M0     35.33895, 97.48252 C7      0                         0
	  254  5 a01.32    M0     35.33895,103.93260 C15     0                         0
	  255  5 a01.32    M0     35.33895,104.83252 R3      0                         0
	  256  5 a01.32    M0     35.71106, 24.50728 C18     0                         0
	  257  5 a01.32    M0     35.71106, 45.96368 C18     0                         0
	  258  5 a01.32    M0     35.71106, 67.42007 C18     0                         0
	  259  5 a01.32    M0     35.71106, 88.87647 C18     0                         0
	  260  5 a01.32    M0     35.71106,110.33289 C18     0                         0
	  261  5 a01.32    M0     36.03898, 12.50680 R4      0                         0
	  262  5 a01.32    M0     36.03898, 13.35694 C6      0                         0
	  263  5 a01.32    M0     36.03898, 14.20682 C5      0                         0
	  264  5 a01.32    M0     36.03898, 15.70694 C4      0                         0
	  265  5 a01.32    M0     36.03898, 17.20681 C3      0                         0
	  266  5 a01.32    M0     36.03898, 33.96319 R4      0                         0
	  267  5 a01.32    M0     36.03898, 34.81333 C6      0                         0
	  268  5 a01.32    M0     36.03898, 35.66322 C5      0                         0
	  269  5 a01.32    M0     36.03898, 37.16334 C4      0                         0
	  270  5 a01.32    M0     36.03898, 38.66321 C3      0                         0
	  271  5 a01.32    M0     36.03898, 55.41959 R4      0                         0
	  272  5 a01.32    M0     36.03898, 56.26973 C6      0                         0
	  273  5 a01.32    M0     36.03898, 57.11961 C5      0                         0
	  274  5 a01.32    M0     36.03898, 58.61973 C4      0                         0
	  275  5 a01.32    M0     36.03898, 60.11961 C3      0                         0
	  276  5 a01.32    M0     36.03898, 76.87599 R4      0                         0
	  277  5 a01.32    M0     36.03898, 77.72615 C6      0                         0
	  278  5 a01.32    M0     36.03898, 78.57601 C5      0                         0
	  279  5 a01.32    M0     36.03898, 80.07613 C4      0                         0
	  280  5 a01.32    M0     36.03898, 81.57600 C3      0                         0
	  281  5 a01.32    M0     36.03898, 98.33241 R4      0                         0
	  282  5 a01.32    M0     36.03898, 99.18254 C6      0                         0
	  283  5 a01.32    M0     36.03898,100.03243 C5      0                         0
	  284  5 a01.32    M0     36.03898,101.53255 C4      0                         0
	  285  5 a01.32    M0     36.03898,103.03242 C3      0                         0
	  286  5 a01.32    M0     38.68896, 20.45700 C13     0                         0
	  287  5 a01.32    M0     38.68896, 41.91339 C13     0                         0
	  288  5 a01.32    M0     38.68896, 63.36979 C13     0                         0
	  289  5 a01.32    M0     38.68896, 84.82618 C13     0                         0
	  290  5 a01.32    M0     38.68896,106.28261 C13     0                         0
	  291  5 a01.32    M0     53.50986,  9.85148 C11     0                         0
	  292  5 a01.32    M0     53.50986, 31.30788 C11     0                         0
	  293  5 a01.32    M0     53.50986, 52.76427 C11     0                         0
	  294  5 a01.32    M0     53.50986, 74.22067 C11     0                         0
	  295  5 a01.32    M0     53.50986, 95.67709 C11     0                         0
	  296  5 a01.32    M0     57.70975, 11.65691 C7      0                         0
	  297  5 a01.32    M0     57.70975, 18.10699 C15     0                         0
	  298  5 a01.32    M0     57.70975, 19.00691 R3      0                         0
	  299  5 a01.32    M0     57.70975, 33.11331 C7      0                         0
	  300  5 a01.32    M0     57.70975, 39.56338 C15     0                         0
	  301  5 a01.32    M0     57.70975, 40.46331 R3      0                         0
	  302  5 a01.32    M0     57.70975, 54.56970 C7      0                         0
	  303  5 a01.32    M0     57.70975, 61.01978 C15     0                         0
	  304  5 a01.32    M0     57.70975, 61.91970 R3      0                         0
	  305  5 a01.32    M0     57.70975, 76.02610 C7      0                         0
	  306  5 a01.32    M0     57.70975, 82.47618 C15     0                         0
	  307  5 a01.32    M0     57.70975, 83.37610 R3      0                         0
	  308  5 a01.32    M0     57.70975, 97.48252 C7      0                         0
	  309  5 a01.32    M0     57.70975,103.93260 C15     0                         0
	  310  5 a01.32    M0     57.70975,104.83252 R3      0                         0
	  311  5 a01.32    M0     58.08186, 24.50728 C18     0                         0
	  312  5 a01.32    M0     58.08186, 45.96368 C18     0                         0
	  313  5 a01.32    M0     58.08186, 67.42007 C18     0                         0
	  314  5 a01.32    M0     58.08186, 88.87647 C18     0                         0
	  315  5 a01.32    M0     58.08186,110.33289 C18     0                         0
	  316  5 a01.32    M0     58.40977, 12.50680 R4      0                         0
	  317  5 a01.32    M0     58.40977, 13.35694 C6      0                         0
	  318  5 a01.32    M0     58.40977, 14.20682 C5      0                         0
	  319  5 a01.32    M0     58.40977, 15.70694 C4      0                         0
	  320  5 a01.32    M0     58.40977, 17.20681 C3      0                         0
	  321  5 a01.32    M0     58.40977, 33.96319 R4      0                         0
	  322  5 a01.32    M0     58.40977, 34.81333 C6      0                         0
	  323  5 a01.32    M0     58.40977, 35.66322 C5      0                         0
	  324  5 a01.32    M0     58.40977, 37.16334 C4      0                         0
	  325  5 a01.32    M0     58.40977, 38.66321 C3      0                         0
	  326  5 a01.32    M0     58.40977, 55.41959 R4      0                         0
	  327  5 a01.32    M0     58.40977, 56.26973 C6      0                         0
	  328  5 a01.32    M0     58.40977, 57.11961 C5      0                         0
	  329  5 a01.32    M0     58.40977, 58.61973 C4      0                         0
	  330  5 a01.32    M0     58.40977, 60.11961 C3      0                         0
	  331  5 a01.32    M0     58.40977, 76.87599 R4      0                         0
	  332  5 a01.32    M0     58.40977, 77.72615 C6      0                         0
	  333  5 a01.32    M0     58.40977, 78.57601 C5      0                         0
	  334  5 a01.32    M0     58.40977, 80.07613 C4      0                         0
	  335  5 a01.32    M0     58.40977, 81.57600 C3      0                         0
	  336  5 a01.32    M0     58.40977, 98.33241 R4      0                         0
	  337  5 a01.32    M0     58.40977, 99.18254 C6      0                         0
	  338  5 a01.32    M0     58.40977,100.03243 C5      0                         0
	  339  5 a01.32    M0     58.40977,101.53255 C4      0                         0
	  340  5 a01.32    M0     58.40977,103.03242 C3      0                         0
	  341  5 a01.32    M0     61.05976, 20.45700 C13     0                         0
	  342  5 a01.32    M0     61.05976, 41.91339 C13     0                         0
	  343  5 a01.32    M0     61.05976, 63.36979 C13     0                         0
	  344  5 a01.32    M0     61.05976, 84.82618 C13     0                         0
	  345  5 a01.32    M0     61.05976,106.28261 C13     0                         0
	  346  5 a01.32    M0     75.88066,  9.85148 C11     0                         0
	  347  5 a01.32    M0     75.88066, 31.30788 C11     0                         0
	  348  5 a01.32    M0     75.88066, 52.76427 C11     0                         0
	  349  5 a01.32    M0     75.88066, 74.22067 C11     0                         0
	  350  5 a01.32    M0     75.88066, 95.67709 C11     0                         0
	  351  5 a01.32    M0     80.08055, 11.65691 C7      0                         0
	  352  5 a01.32    M0     80.08055, 18.10699 C15     0                         0
	  353  5 a01.32    M0     80.08055, 19.00691 R3      0                         0
	  354  5 a01.32    M0     80.08055, 33.11331 C7      0                         0
	  355  5 a01.32    M0     80.08055, 39.56338 C15     0                         0
	  356  5 a01.32    M0     80.08055, 40.46331 R3      0                         0
	  357  5 a01.32    M0     80.08055, 54.56970 C7      0                         0
	  358  5 a01.32    M0     80.08055, 61.01978 C15     0                         0
	  359  5 a01.32    M0     80.08055, 61.91970 R3      0                         0
	  360  5 a01.32    M0     80.08055, 76.02610 C7      0                         0
	  361  5 a01.32    M0     80.08055, 82.47618 C15     0                         0
	  362  5 a01.32    M0     80.08055, 83.37610 R3      0                         0
	  363  5 a01.32    M0     80.08055, 97.48252 C7      0                         0
	  364  5 a01.32    M0     80.08055,103.93260 C15     0                         0
	  365  5 a01.32    M0     80.08055,104.83252 R3      0                         0
	  366  5 a01.32    M0     80.45266, 24.50728 C18     0                         0
	  367  5 a01.32    M0     80.45266, 45.96368 C18     0                         0
	  368  5 a01.32    M0     80.45266, 67.42007 C18     0                         0
	  369  5 a01.32    M0     80.45266, 88.87647 C18     0                         0
	  370  5 a01.32    M0     80.45266,110.33289 C18     0                         0
	  371  5 a01.32    M0     80.78060, 12.50680 R4      0                         0
	  372  5 a01.32    M0     80.78060, 13.35694 C6      0                         0
	  373  5 a01.32    M0     80.78060, 14.20682 C5      0                         0
	  374  5 a01.32    M0     80.78060, 15.70694 C4      0                         0
	  375  5 a01.32    M0     80.78060, 17.20681 C3      0                         0
	  376  5 a01.32    M0     80.78060, 33.96319 R4      0                         0
	  377  5 a01.32    M0     80.78060, 34.81333 C6      0                         0
	  378  5 a01.32    M0     80.78060, 35.66322 C5      0                         0
	  379  5 a01.32    M0     80.78060, 37.16334 C4      0                         0
	  380  5 a01.32    M0     80.78060, 38.66321 C3      0                         0
	  381  5 a01.32    M0     80.78060, 55.41959 R4      0                         0
	  382  5 a01.32    M0     80.78060, 56.26973 C6      0                         0
	  383  5 a01.32    M0     80.78060, 57.11961 C5      0                         0
	  384  5 a01.32    M0     80.78060, 58.61973 C4      0                         0
	  385  5 a01.32    M0     80.78060, 60.11961 C3      0                         0
	  386  5 a01.32    M0     80.78060, 76.87599 R4      0                         0
	  387  5 a01.32    M0     80.78060, 77.72615 C6      0                         0
	  388  5 a01.32    M0     80.78060, 78.57601 C5      0                         0
	  389  5 a01.32    M0     80.78060, 80.07613 C4      0                         0
	  390  5 a01.32    M0     80.78060, 81.57600 C3      0                         0
	  391  5 a01.32    M0     80.78060, 98.33241 R4      0                         0
	  392  5 a01.32    M0     80.78060, 99.18254 C6      0                         0
	  393  5 a01.32    M0     80.78060,100.03243 C5      0                         0
	  394  5 a01.32    M0     80.78060,101.53255 C4      0                         0
	  395  5 a01.32    M0     80.78060,103.03242 C3      0                         0
	  396  5 a01.32    M0     83.43055, 20.45700 C13     0                         0
	  397  5 a01.32    M0     83.43055, 41.91339 C13     0                         0
	  398  5 a01.32    M0     83.43055, 63.36979 C13     0                         0
	  399  5 a01.32    M0     83.43055, 84.82618 C13     0                         0
	  400  5 a01.32    M0     83.43055,106.28261 C13     0                         0
	  401  5 a01.33    M0      8.75252, 14.95193 U1      0                         0
	  402  5 a01.33    M0      8.75252, 36.40832 U1      0                         0
	  403  5 a01.33    M0      8.75252, 57.86472 U1      0                         0
	  404  5 a01.34    M0      8.75252, 79.32112 U1      0                         0
	  405  5 a01.35    M0      8.75252,100.77754 U1      0                         0
	  406  5 a01.36    M0     10.13987, 19.96068 R20     90                        0
	  407  5 a01.36    M0     10.13987, 41.41708 R20     90                        0
	  408  5 a01.36    M0     10.13987, 62.87347 R20     90                        0
	  409  5 a01.37    M0     10.13987, 84.32987 R20     90                        0
	  410  5 a01.36    M0     10.13987,105.78629 R20     90                        0
	  411  5 a01.38    M0     10.99826, 10.23680 Y2      0                         0
	  412  5 a01.38    M0     10.99826, 31.69319 Y2      0                         0
	  413  5 a01.38    M0     10.99826, 53.14959 Y2      0                         0
	  414  5 a01.38    M0     10.99826, 74.60599 Y2      0                         0
	  415  5 a01.38    M0     10.99826, 96.06241 Y2      0                         0
	  416  5 a01.38    M0     33.36906, 10.23680 Y2      0                         0
	  417  5 a01.38    M0     33.36906, 31.69319 Y2      0                         0
	  418  5 a01.38    M0     33.36906, 53.14959 Y2      0                         0
	  419  5 a01.38    M0     33.36906, 74.60599 Y2      0                         0
	  420  5 a01.38    M0     33.36906, 96.06241 Y2      0                         0
	  421  5 a01.38    M0     55.73985, 10.23680 Y2      0                         0
	  422  5 a01.38    M0     55.73985, 31.69319 Y2      0                         0
	  423  5 a01.38    M0     55.73985, 53.14959 Y2      0                         0
	  424  5 a01.38    M0     55.73985, 74.60599 Y2      0                         0
	  425  5 a01.38    M0     55.73985, 96.06241 Y2      0                         0
	  426  5 a01.38    M0     78.11065, 10.23680 Y2      0                         0
	  427  5 a01.38    M0     78.11065, 31.69319 Y2      0                         0
	  428  5 a01.38    M0     78.11065, 53.14959 Y2      0                         0
	  429  5 a01.38    M0     78.11065, 74.60599 Y2      0                         0
	  430  5 a01.38    M0     78.11065, 96.06241 Y2      0                         0
	  431  5 a01.39    M0     16.06836, 14.95637 U2      0                         0
	  432  5 a01.39    M0     16.06836, 36.41277 U2      0                         0
	  433  5 a01.39    M0     16.06836, 57.86916 U2      0                         0
	  434  5 a01.39    M0     16.06836, 79.32556 U2      0                         0
	  435  5 a01.39    M0     16.06836,100.78198 U2      0                         0
	  436  5 a01.33    M0     31.12332, 14.95193 U1      0                         0
	  437  5 a01.33    M0     31.12332, 36.40832 U1      0                         0
	  438  5 a01.33    M0     31.12332, 57.86472 U1      0                         0
	  439  5 a01.34    M0     31.12332, 79.32112 U1      0                         0
	  440  5 a01.35    M0     31.12332,100.77754 U1      0                         0
	  441  5 a01.36    M0     32.51066, 19.96068 R20     90                        0
	  442  5 a01.36    M0     32.51066, 41.41708 R20     90                        0
	  443  5 a01.36    M0     32.51066, 62.87347 R20     90                        0
	  444  5 a01.37    M0     32.51066, 84.32987 R20     90                        0
	  445  5 a01.36    M0     32.51066,105.78629 R20     90                        0
	  446  5 a01.39    M0     38.43915, 14.95637 U2      0                         0
	  447  5 a01.39    M0     38.43915, 36.41277 U2      0                         0
	  448  5 a01.39    M0     38.43915, 57.86916 U2      0                         0
	  449  5 a01.39    M0     38.43915, 79.32556 U2      0                         0
	  450  5 a01.39    M0     38.43915,100.78198 U2      0                         0
	  451  5 a01.33    M0     53.49411, 14.95193 U1      0                         0
	  452  5 a01.33    M0     53.49411, 36.40832 U1      0                         0
	  453  5 a01.33    M0     53.49411, 57.86472 U1      0                         0
	  454  5 a01.34    M0     53.49411, 79.32112 U1      0                         0
	  455  5 a01.35    M0     53.49411,100.77754 U1      0                         0
	  456  5 a01.36    M0     54.88146, 19.96068 R20     90                        0
	  457  5 a01.36    M0     54.88146, 41.41708 R20     90                        0
	  458  5 a01.36    M0     54.88146, 62.87347 R20     90                        0
	  459  5 a01.37    M0     54.88146, 84.32987 R20     90                        0
	  460  5 a01.36    M0     54.88146,105.78629 R20     90                        0
	  461  5 a01.39    M0     60.80995, 14.95637 U2      0                         0
	  462  5 a01.39    M0     60.80995, 36.41277 U2      0                         0
	  463  5 a01.39    M0     60.80995, 57.86916 U2      0                         0
	  464  5 a01.39    M0     60.80995, 79.32556 U2      0                         0
	  465  5 a01.39    M0     60.80995,100.78198 U2      0                         0
	  466  5 a01.40    M0     75.86491, 14.95193 U1      0                         0
	  467  5 a01.40    M0     75.86491, 36.40832 U1      0                         0
	  468  5 a01.40    M0     75.86491, 57.86472 U1      0                         0
	  469  5 a01.41    M0     75.86491, 79.32112 U1      0                         0
	  470  5 a01.42    M0     75.86491,100.77754 U1      0                         0
	  471  5 a01.36    M0     77.25226, 19.96068 R20     90                        0
	  472  5 a01.36    M0     77.25226, 41.41708 R20     90                        0
	  473  5 a01.36    M0     77.25226, 62.87347 R20     90                        0
	  474  5 a01.37    M0     77.25226, 84.32987 R20     90                        0
	  475  5 a01.36    M0     77.25226,105.78629 R20     90                        0
	  476  5 a01.39    M0     83.18074, 14.95637 U2      0                         0
	  477  5 a01.39    M0     83.18074, 36.41277 U2      0                         0
	  478  5 a01.39    M0     83.18074, 57.86916 U2      0                         0
	  479  5 a01.39    M0     83.18074, 79.32556 U2      0                         0
	  480  5 a01.39    M0     83.18074,100.78198 U2      0                         0
	  481  5 a01.32    M0     10.82567, 25.26928 C22     0                         0
	  482  5 a01.32    M0     10.82567, 46.72568 C22     0                         0
	  483  5 a01.32    M0     10.82567, 68.18207 C22     0                         0
	  484  5 a01.32    M0     10.82567, 89.63847 C22     0                         0
	  485  5 a01.32    M0     33.19646, 25.26928 C22     0                         0
	  486  5 a01.32    M0     33.19646, 46.72568 C22     0                         0
	  487  5 a01.32    M0     33.19646, 68.18207 C22     0                         0
	  488  5 a01.32    M0     33.19646, 89.63847 C22     0                         0
	  489  5 a01.32    M0     55.56726, 25.26928 C22     0                         0
	  490  5 a01.32    M0     55.56726, 46.72568 C22     0                         0
	  491  5 a01.32    M0     55.56726, 68.18207 C22     0                         0
	  492  5 a01.32    M0     55.56726, 89.63847 C22     0                         0
	  493  5 a01.32    M0     77.93806, 25.26928 C22     0                         0
	  494  5 a01.32    M0     77.93806, 46.72568 C22     0                         0
	  495  5 a01.32    M0     77.93806, 68.18207 C22     0                         0
	  496  5 a01.32    M0     77.93806, 89.63847 C22     0                         0
	  497  5 a01.43    M0     10.82567,111.09489 C22     0                         0
	  498  5 a01.43    M0     33.19646,111.09489 C22     0                         0
	  499  5 a01.43    M0     55.56726,111.09489 C22     0                         0
	  500  5 a01.43    M0     77.93806,111.09489 C22     0                         0
	  501  5 a01.44    M0     14.32299, 26.25988 R18     90                        0
	  502  5 a01.44    M0     14.32693, 47.71628 R18     90                        0
	  503  5 a01.44    M0     14.32693, 69.17267 R18     90                        0
	  504  5 a01.44    M0     14.32693, 90.62907 R18     90                        0
	  505  5 a01.44    M0     36.69773, 26.25988 R18     90                        0
	  506  5 a01.44    M0     36.69773, 47.71628 R18     90                        0
	  507  5 a01.44    M0     36.69773, 69.17267 R18     90                        0
	  508  5 a01.44    M0     36.69773, 90.62907 R18     90                        0
	  509  5 a01.45    M0     14.32299,112.08549 R18     90                        0
	  510  5 a01.45    M0     36.69773,112.08549 R18     90                        0
	  511  5 a01.46    M0     59.06460, 26.25988 R18     90                        0
	  512  5 a01.46    M0     59.06853, 47.71628 R18     90                        0
	  513  5 a01.46    M0     59.06853, 69.17267 R18     90                        0
	  514  5 a01.46    M0     59.06853, 90.62907 R18     90                        0
	  515  5 a01.46    M0     81.43933, 26.25988 R18     90                        0
	  516  5 a01.46    M0     81.43933, 47.71628 R18     90                        0
	  517  5 a01.46    M0     81.43933, 69.17267 R18     90                        0
	  518  5 a01.46    M0     81.43933, 90.62907 R18     90                        0
	  519  5 a01.47    M0     59.06460,112.08549 R18     90                        0
	  520  5 a01.47    M0     81.43933,112.08549 R18     90                        0
	  521  5 a01.48    M0     16.61827,104.38243 Y1      270                       0
	  522  5 a01.48    M0     16.61827, 18.55682 Y1      270                       0
	  523  5 a01.48    M0     16.61827, 40.01322 Y1      270                       0
	  524  5 a01.48    M0     16.61827, 61.46961 Y1      270                       0
	  525  5 a01.48    M0     16.61827, 82.92601 Y1      270                       0
	  526  5 a01.48    M0     38.98906, 18.55682 Y1      270                       0
	  527  5 a01.48    M0     38.98906, 40.01322 Y1      270                       0
	  528  5 a01.48    M0     38.98906, 61.46961 Y1      270                       0
	  529  5 a01.48    M0     38.98906, 82.92601 Y1      270                       0
	  530  5 a01.48    M0     38.98906,104.38243 Y1      270                       0
	  531  5 a01.48    M0     61.35986, 18.55682 Y1      270                       0
	  532  5 a01.48    M0     61.35986, 40.01322 Y1      270                       0
	  533  5 a01.48    M0     61.35986, 61.46961 Y1      270                       0
	  534  5 a01.48    M0     61.35986, 82.92601 Y1      270                       0
	  535  5 a01.48    M0     61.35986,104.38243 Y1      270                       0
	  536  5 a01.48    M0     83.73065, 18.55682 Y1      270                       0
	  537  5 a01.48    M0     83.73065, 40.01322 Y1      270                       0
	  538  5 a01.48    M0     83.73065, 61.46961 Y1      270                       0
	  539  5 a01.48    M0     83.73065, 82.92601 Y1      270                       0
	  540  5 a01.48    M0     83.73065,104.38243 Y1      270                       0

