


	Query  -   20 parts, 0 pads, 0 traces (0.000 mm  ) marked:
	  20 parts, 0 pads, 0 traces (0.000 mm  ) marked:
	  >> a01.52: D1038 SMT Pkg. QFP16 <<                                     
	    # Lyr Apr    Net    Location (mm  )    Ref.Des.  Rot Part Number           Fid
	    1  3 a01.47    M0     12.19886, 16.58236 u4      270                       0
	    2  3 a01.47    M0     12.19886, 38.03876 u4      270                       0
	    3  3 a01.47    M0     12.19886, 59.49516 u4      270                       0
	    4  3 a01.48    M0     12.19886, 80.95157 u4      270                       0
	    5  3 a01.49    M0     12.19886,102.40797 u4      270                       0
	    6  3 a01.47    M0     34.56965, 16.58236 u4      270                       0
	    7  3 a01.47    M0     34.56965, 38.03876 u4      270                       0
	    8  3 a01.47    M0     34.56965, 59.49516 u4      270                       0
	    9  3 a01.48    M0     34.56965, 80.95157 u4      270                       0
	   10  3 a01.49    M0     34.56965,102.40797 u4      270                       0
	   11  3 a01.50    M0     56.94045, 16.58236 u4      270                       0
	   12  3 a01.50    M0     56.94045, 38.03876 u4      270                       0
	   13  3 a01.47    M0     56.94045, 59.49516 u4      270                       0
	   14  3 a01.51    M0     56.94045, 80.95157 u4      270                       0
	   15  3 a01.52    M0     56.94045,102.40797 u4      270                       0
	   16  3 a01.47    M0     79.31125, 16.58236 u4      270                       0
	   17  3 a01.50    M0     79.31125, 38.03876 u4      270                       0
	   18  3 a01.47    M0     79.31125, 59.49516 u4      270                       0
	   19  3 a01.51    M0     79.31125, 80.95157 u4      270                       0
	   20  3 a01.52    M0     79.31125,102.40797 u4      270                       0

